********************************************************************************
product = WebSphere Application Server 23.0.0.3, z/OS Connect 03.00.70 (wlp-1.0.75.cl230320230319-1900)
wlp.install.dir = /opt/ibm/wlp/
server.output.dir = /opt/ibm/wlp/output/defaultServer/
java.home = /opt/ibm/java/jre
java.version = 1.8.0_351
java.runtime = Java(TM) SE Runtime Environment (8.0.7.20 - pxa6480sr7fp20-20221020_01(SR7 FP20))
os = Linux (6.3.13-linuxkit; amd64) (en_US)
process = 1@172.21.0.2
Classpath = /opt/ibm/wlp/bin/tools/ws-server.jar:/opt/ibm/wlp/bin/tools/ws-javaagent.jar:/opt/ibm/wlp/bin/tools/ws-javaagent.jar
Java Library path = /opt/ibm/java/jre/lib/amd64/compressedrefs:/opt/ibm/java/jre/lib/amd64:/usr/lib64:/usr/lib
********************************************************************************
[11/16/23 21:54:24:783 UTC] 00000001 com.ibm.ws.kernel.launch.internal.FrameworkManager           A CWWKE0001I: The server defaultServer has been launched.
[11/16/23 21:54:26:331 UTC] 00000027 com.ibm.ws.config.xml.internal.ServerXMLConfiguration        A CWWKG0093A: Processing configuration drop-ins resource: /opt/ibm/wlp/usr/servers/defaultServer/configDropins/defaults/keystore.xml
[11/16/23 21:54:26:354 UTC] 00000027 com.ibm.ws.config.xml.internal.ServerXMLConfiguration        A CWWKG0093A: Processing configuration drop-ins resource: /opt/ibm/wlp/usr/servers/defaultServer/configDropins/overrides/http-ssl-endpoint.xml
[11/16/23 21:54:26:356 UTC] 00000027 com.ibm.ws.config.xml.internal.ServerXMLConfiguration        A CWWKG0093A: Processing configuration drop-ins resource: /opt/ibm/wlp/usr/servers/defaultServer/configDropins/overrides/tls.xml
[11/16/23 21:54:26:469 UTC] 00000001 com.ibm.ws.kernel.launch.internal.FrameworkManager           I CWWKE0002I: The kernel started after 1.821 seconds
[11/16/23 21:54:26:930 UTC] 00000031 com.ibm.ws.kernel.feature.internal.FeatureManager            I CWWKF0007I: Feature update started.
[11/16/23 21:54:29:217 UTC] 00000024 com.ibm.ws.security.ready.internal.SecurityReadyServiceImpl  I CWWKS0007I: The security service is starting...
[11/16/23 21:54:29:302 UTC] 00000027 com.ibm.ws.app.manager.internal.monitor.DropinMonitor        A CWWKZ0058I: Monitoring dropins for applications.
[11/16/23 21:54:29:553 UTC] 00000027 com.ibm.ws.cache.ServerCache                                 I DYNA1001I: WebSphere Dynamic Cache instance named baseCache initialized successfully.
[11/16/23 21:54:29:558 UTC] 00000027 com.ibm.ws.cache.ServerCache                                 I DYNA1071I: The cache provider default is being used.
[11/16/23 21:54:29:562 UTC] 00000027 com.ibm.ws.cache.CacheServiceImpl                            I DYNA1056I: Dynamic Cache (object cache) initialized successfully.
[11/16/23 21:54:29:780 UTC] 00000036 com.ibm.ws.security.token.ltpa.LTPAKeyInfoManager            I CWWKS4103I: Creating the LTPA keys. This may take a few seconds.
[11/16/23 21:54:29:801 UTC] 00000024 ibm.ws.security.authentication.internal.jaas.JAASServiceImpl I CWWKS1123I: The collective authentication plugin with class name NullCollectiveAuthenticationPlugin has been activated. 
[11/16/23 21:54:30:111 UTC] 00000036 com.ibm.ws.security.token.ltpa.LTPAKeyInfoManager            A CWWKS4104A: LTPA keys created in 0.330 seconds. LTPA key file: /opt/ibm/wlp/output/defaultServer/resources/security/ltpa.keys
[11/16/23 21:54:30:114 UTC] 00000036 com.ibm.ws.security.token.ltpa.internal.LTPAKeyCreateTask    I CWWKS4105I: LTPA configuration is ready after 0.335 seconds.
[11/16/23 21:54:30:135 UTC] 00000024 com.ibm.ws.session.WASSessionCore                            I SESN8501I: The session manager did not find a persistent storage location; HttpSession objects will be stored in the local application server's memory.
[11/16/23 21:54:30:146 UTC] 0000002d com.ibm.ws.ssl.config.WSKeyStore                             I Successfully loaded default keystore: /opt/ibm/wlp/output/defaultServer/resources/security/key.p12 of type: PKCS12
[11/16/23 21:54:30:204 UTC] 00000024 com.ibm.ws.security.jwt.internal.ConsumerImpl                I CWWKS6012I: The JSON Web Token (JWT) consumer service is available.
[11/16/23 21:54:30:220 UTC] 00000024 com.ibm.ws.security.jwt.web.JwtEndpointServices              I CWWKS6002I: The JSON Web Token (JWT) endpoint service is available.
[11/16/23 21:54:30:383 UTC] 00000024 .microprofile.metrics.internal.monitor.MonitorMetricsHandler I CWPMI2003I: Monitoring metrics can be retrieved through mpMetrics.
[11/16/23 21:54:30:443 UTC] 00000024 com.ibm.ws.security.audit.source.AuditServiceImpl            I CWWKS5850I: The audit service is starting.
[11/16/23 21:54:30:453 UTC] 00000024 com.ibm.ws.security.audit.file.AuditFileHandler              I CWWKS5804I: The audit file handler service is starting.
[11/16/23 21:54:30:457 UTC] 00000024 com.ibm.ws.security.audit.source.AuditServiceImpl            I CWWKS5851I: The audit service is ready.
[11/16/23 21:54:30:464 UTC] 00000024 com.ibm.ws.security.audit.file.AuditFileHandler              I CWWKS5805I: The audit file handler service is ready.
[11/16/23 21:54:30:890 UTC] 00000036 om.ibm.ws.app.manager.rar.internal.RARApplicationHandlerImpl I J2CA7018I: Installing resource adapter gmoa.
[11/16/23 21:54:31:284 UTC] 00000040 com.ibm.ws.webcontainer.osgi.webapp.WebGroup                 I SRVE0169I: Loading Web Module: ibm/api.
[11/16/23 21:54:31:284 UTC] 00000037 com.ibm.ws.webcontainer.osgi.webapp.WebGroup                 I SRVE0169I: Loading Web Module: com.ibm.ws.security.jwt.
[11/16/23 21:54:31:288 UTC] 00000040 com.ibm.ws.webcontainer                                      I SRVE0250I: Web Module ibm/api has been bound to default_host.
[11/16/23 21:54:31:288 UTC] 00000037 com.ibm.ws.webcontainer                                      I SRVE0250I: Web Module com.ibm.ws.security.jwt has been bound to default_host.
[11/16/23 21:54:31:284 UTC] 0000003a com.ibm.ws.webcontainer.osgi.webapp.WebGroup                 I SRVE0169I: Loading Web Module: OpenAPIUI.
[11/16/23 21:54:31:284 UTC] 00000033 com.ibm.ws.webcontainer.osgi.webapp.WebGroup                 I SRVE0169I: Loading Web Module: PrivateMicroProfileMetrics.
[11/16/23 21:54:31:284 UTC] 00000034 com.ibm.ws.webcontainer.osgi.webapp.WebGroup                 I SRVE0169I: Loading Web Module: health.
[11/16/23 21:54:31:290 UTC] 0000003a com.ibm.ws.webcontainer                                      I SRVE0250I: Web Module OpenAPIUI has been bound to default_host.
[11/16/23 21:54:31:291 UTC] 00000033 com.ibm.ws.webcontainer                                      I SRVE0250I: Web Module PrivateMicroProfileMetrics has been bound to default_host.
[11/16/23 21:54:31:292 UTC] 00000034 com.ibm.ws.webcontainer                                      I SRVE0250I: Web Module health has been bound to default_host.
[11/16/23 21:54:31:292 UTC] 00000040 com.ibm.ws.http.internal.VirtualHostImpl                     A CWWKT0016I: Web application available (default_host): http://29441eee8847:9080/ibm/api/
[11/16/23 21:54:31:296 UTC] 00000033 com.ibm.ws.http.internal.VirtualHostImpl                     A CWWKT0016I: Web application available (default_host): http://29441eee8847:9080/metrics/
[11/16/23 21:54:31:297 UTC] 00000036 org.jboss.weld.Version                                       I WELD-000900: 3.1.9 (Final)
[11/16/23 21:54:31:298 UTC] 00000034 com.ibm.ws.http.internal.VirtualHostImpl                     A CWWKT0016I: Web application available (default_host): http://29441eee8847:9080/health/
[11/16/23 21:54:31:300 UTC] 0000003a com.ibm.ws.http.internal.VirtualHostImpl                     A CWWKT0016I: Web application available (default_host): http://29441eee8847:9080/openapi/ui/
[11/16/23 21:54:31:302 UTC] 00000037 com.ibm.ws.http.internal.VirtualHostImpl                     A CWWKT0016I: Web application available (default_host): http://29441eee8847:9080/jwt/
[11/16/23 21:54:31:307 UTC] 00000039 com.ibm.ws.webcontainer.osgi.webapp.WebGroup                 I SRVE0169I: Loading Web Module: MicroProfileOpenAPI.
[11/16/23 21:54:31:308 UTC] 00000039 com.ibm.ws.webcontainer                                      I SRVE0250I: Web Module MicroProfileOpenAPI has been bound to default_host.
[11/16/23 21:54:31:310 UTC] 00000039 com.ibm.ws.http.internal.VirtualHostImpl                     A CWWKT0016I: Web application available (default_host): http://29441eee8847:9080/openapi/
[11/16/23 21:54:31:466 UTC] 00000040 com.ibm.ws.session.WASSessionCore                            I SESN0176I: A new session context will be created for application key default_host/metrics
[11/16/23 21:54:31:466 UTC] 00000041 com.ibm.ws.session.WASSessionCore                            I SESN0176I: A new session context will be created for application key default_host/ibm/api
[11/16/23 21:54:31:466 UTC] 00000032 com.ibm.ws.session.WASSessionCore                            I SESN0176I: A new session context will be created for application key default_host/jwt
[11/16/23 21:54:31:466 UTC] 0000003e com.ibm.ws.session.WASSessionCore                            I SESN0176I: A new session context will be created for application key default_host/openapi
[11/16/23 21:54:31:466 UTC] 00000042 com.ibm.ws.session.WASSessionCore                            I SESN0176I: A new session context will be created for application key default_host/health
[11/16/23 21:54:31:466 UTC] 0000003f com.ibm.ws.session.WASSessionCore                            I SESN0176I: A new session context will be created for application key default_host/openapi/ui
[11/16/23 21:54:31:471 UTC] 0000003c com.ibm.ws.webcontainer.osgi.mbeans.PluginGenerator          I SRVE9103I: A configuration file for a web server plugin was automatically generated for this server at /opt/ibm/wlp/output/defaultServer/logs/state/plugin-cfg.xml.
[11/16/23 21:54:31:504 UTC] 00000040 com.ibm.ws.util                                              I SESN0172I: The session manager is using the Java default SecureRandom implementation for session ID generation.
[11/16/23 21:54:31:511 UTC] 0000003f com.ibm.ws.util                                              I SESN0172I: The session manager is using the Java default SecureRandom implementation for session ID generation.
[11/16/23 21:54:31:512 UTC] 00000042 com.ibm.ws.util                                              I SESN0172I: The session manager is using the Java default SecureRandom implementation for session ID generation.
[11/16/23 21:54:31:513 UTC] 00000032 com.ibm.ws.util                                              I SESN0172I: The session manager is using the Java default SecureRandom implementation for session ID generation.
[11/16/23 21:54:31:514 UTC] 0000003e com.ibm.ws.util                                              I SESN0172I: The session manager is using the Java default SecureRandom implementation for session ID generation.
[11/16/23 21:54:31:515 UTC] 00000041 com.ibm.ws.util                                              I SESN0172I: The session manager is using the Java default SecureRandom implementation for session ID generation.
[11/16/23 21:54:31:539 UTC] 0000003f com.ibm.ws.cache.CacheServiceImpl                            I DYNA1056I: Dynamic Cache (object cache) initialized successfully.
[11/16/23 21:54:31:640 UTC] 00000040 com.ibm.ws.webcontainer.servlet                              I SRVE0242I: [io.openliberty.microprofile.metrics.internal.private] [/metrics] [PrivateMetricsRESTProxyServlet]: Initialization successful.
[11/16/23 21:54:31:641 UTC] 0000003e com.ibm.ws.webcontainer.servlet                              I SRVE0242I: [io.openliberty.microprofile.openapi.2.0.internal] [/openapi] [ApplicationServlet]: Initialization successful.
[11/16/23 21:54:31:643 UTC] 00000042 com.ibm.ws.webcontainer.servlet                              I SRVE0242I: [io.openliberty.microprofile.health.3.1.internal] [/health] [HealthCheckReadinessServlet]: Initialization successful.
[11/16/23 21:54:31:644 UTC] 00000042 com.ibm.ws.webcontainer.servlet                              I SRVE0242I: [io.openliberty.microprofile.health.3.1.internal] [/health] [HealthCheckServlet]: Initialization successful.
[11/16/23 21:54:31:646 UTC] 00000042 com.ibm.ws.webcontainer.servlet                              I SRVE0242I: [io.openliberty.microprofile.health.3.1.internal] [/health] [HealthCheckStartupServlet]: Initialization successful.
[11/16/23 21:54:31:647 UTC] 00000042 com.ibm.ws.webcontainer.servlet                              I SRVE0242I: [io.openliberty.microprofile.health.3.1.internal] [/health] [HealthCheckLivenessServlet]: Initialization successful.
[11/16/23 21:54:32:207 UTC] 00000036 org.hibernate.validator.internal.util.Version                I HV000001: Hibernate Validator 6.1.7.Final
[11/16/23 21:54:32:393 UTC] 00000036 com.ibm.j2ca.RAIMSTM                                         I AFC Version : 7.0.0.4 IF02
[11/16/23 21:54:32:398 UTC] 00000036 om.ibm.ws.app.manager.rar.internal.RARApplicationHandlerImpl A J2CA7001I: Resource adapter gmoa installed in 1.507 seconds.
[11/16/23 21:54:32:404 UTC] 00000032 com.ibm.ws.app.manager.AppMessageHelper                      I CWWKZ0018I: Starting application zosconnect-ui-backend-ims.
[11/16/23 21:54:32:405 UTC] 00000040 com.ibm.ws.app.manager.AppMessageHelper                      I CWWKZ0018I: Starting application zosconnect-ui-backend-cics.
[11/16/23 21:54:32:405 UTC] 0000003e com.ibm.ws.app.manager.AppMessageHelper                      I CWWKZ0018I: Starting application zosconnect-ui.
[11/16/23 21:54:32:405 UTC] 00000041 com.ibm.ws.app.manager.AppMessageHelper                      I CWWKZ0018I: Starting application zosconnect-ui-backend-db2.
[11/16/23 21:54:32:405 UTC] 00000042 com.ibm.ws.app.manager.AppMessageHelper                      I CWWKZ0018I: Starting application zosconnect-ui-backend.
[11/16/23 21:54:32:410 UTC] 00000042 bm.ws.app.manager.war.internal.WARDeployedAppInfoFactoryImpl I CWWKZ0133I: The zosconnect-ui-backend application at the /opt/ibm/zosconnect/lib/com.ibm.zosconnect.ui.backend.war location is being expanded to the /opt/ibm/wlp/usr/servers/defaultServer/apps/expanded/zosconnect-ui-backend.war directory.
[11/16/23 21:54:32:408 UTC] 00000041 bm.ws.app.manager.war.internal.WARDeployedAppInfoFactoryImpl I CWWKZ0133I: The zosconnect-ui-backend-db2 application at the /opt/ibm/zosconnect/lib/com.ibm.zosconnect.ui.backend.db2.war location is being expanded to the /opt/ibm/wlp/usr/servers/defaultServer/apps/expanded/zosconnect-ui-backend-db2.war directory.
[11/16/23 21:54:32:408 UTC] 00000032 bm.ws.app.manager.war.internal.WARDeployedAppInfoFactoryImpl I CWWKZ0133I: The zosconnect-ui-backend-ims application at the /opt/ibm/zosconnect/lib/com.ibm.zosconnect.ui.backend.ims.war location is being expanded to the /opt/ibm/wlp/usr/servers/defaultServer/apps/expanded/zosconnect-ui-backend-ims.war directory.
[11/16/23 21:54:32:408 UTC] 0000003e bm.ws.app.manager.war.internal.WARDeployedAppInfoFactoryImpl I CWWKZ0133I: The zosconnect-ui application at the /opt/ibm/zosconnect/lib/com.ibm.zosconnect.ui.war location is being expanded to the /opt/ibm/wlp/usr/servers/defaultServer/apps/expanded/zosconnect-ui.war directory.
[11/16/23 21:54:32:408 UTC] 00000040 bm.ws.app.manager.war.internal.WARDeployedAppInfoFactoryImpl I CWWKZ0133I: The zosconnect-ui-backend-cics application at the /opt/ibm/zosconnect/lib/com.ibm.zosconnect.ui.backend.cics.war location is being expanded to the /opt/ibm/wlp/usr/servers/defaultServer/apps/expanded/zosconnect-ui-backend-cics.war directory.
[11/16/23 21:54:33:060 UTC] 0000003e com.ibm.ws.webcontainer.osgi.webapp.WebGroup                 I SRVE0169I: Loading Web Module: z/OS Connect Designer.
[11/16/23 21:54:33:061 UTC] 0000003e com.ibm.ws.webcontainer                                      I SRVE0250I: Web Module z/OS Connect Designer has been bound to default_host.
[11/16/23 21:54:33:062 UTC] 0000003e com.ibm.ws.http.internal.VirtualHostImpl                     A CWWKT0016I: Web application available (default_host): http://29441eee8847:9080/zosConnect/designer/
[11/16/23 21:54:33:084 UTC] 0000003b com.ibm.ws.session.WASSessionCore                            I SESN0176I: A new session context will be created for application key default_host/zosConnect/designer
[11/16/23 21:54:33:086 UTC] 0000003b com.ibm.ws.util                                              I SESN0172I: The session manager is using the Java default SecureRandom implementation for session ID generation.
[11/16/23 21:54:33:091 UTC] 0000003e com.ibm.ws.webcontainer.osgi.mbeans.PluginGenerator          I SRVE9103I: A configuration file for a web server plugin was automatically generated for this server at /opt/ibm/wlp/output/defaultServer/logs/state/plugin-cfg.xml.
[11/16/23 21:54:33:095 UTC] 0000003b com.ibm.ws.app.manager.AppMessageHelper                      A CWWKZ0001I: Application zosconnect-ui started in 0.690 seconds.
[11/16/23 21:54:34:106 UTC] 00000041 com.ibm.ws.webcontainer.osgi.webapp.WebGroup                 I SRVE0169I: Loading Web Module: com.ibm.zosconnect.ui.backend.db2.
[11/16/23 21:54:34:106 UTC] 00000040 com.ibm.ws.webcontainer.osgi.webapp.WebGroup                 I SRVE0169I: Loading Web Module: com.ibm.zosconnect.ui.backend.cics.
[11/16/23 21:54:34:107 UTC] 00000041 com.ibm.ws.webcontainer                                      I SRVE0250I: Web Module com.ibm.zosconnect.ui.backend.db2 has been bound to default_host.
[11/16/23 21:54:34:108 UTC] 00000032 com.ibm.ws.webcontainer.osgi.webapp.WebGroup                 I SRVE0169I: Loading Web Module: com.ibm.zosconnect.ui.backend.ims.
[11/16/23 21:54:34:108 UTC] 00000040 com.ibm.ws.webcontainer                                      I SRVE0250I: Web Module com.ibm.zosconnect.ui.backend.cics has been bound to default_host.
[11/16/23 21:54:34:108 UTC] 00000041 com.ibm.ws.http.internal.VirtualHostImpl                     A CWWKT0016I: Web application available (default_host): http://29441eee8847:9080/zosConnect/designer/api/zosAssetProvider/db2-1.0/
[11/16/23 21:54:34:109 UTC] 00000032 com.ibm.ws.webcontainer                                      I SRVE0250I: Web Module com.ibm.zosconnect.ui.backend.ims has been bound to default_host.
[11/16/23 21:54:34:110 UTC] 00000040 com.ibm.ws.http.internal.VirtualHostImpl                     A CWWKT0016I: Web application available (default_host): http://29441eee8847:9080/zosConnect/designer/api/zosAssetProvider/cics-1.0/
[11/16/23 21:54:34:125 UTC] 00000032 com.ibm.ws.http.internal.VirtualHostImpl                     A CWWKT0016I: Web application available (default_host): http://29441eee8847:9080/zosConnect/designer/api/zosAssetProvider/ims-1.0/
[11/16/23 21:54:34:125 UTC] 00000033 com.ibm.ws.session.WASSessionCore                            I SESN0176I: A new session context will be created for application key default_host/zosConnect/designer/api/zosAssetProvider/db2-1.0
[11/16/23 21:54:34:125 UTC] 0000003e com.ibm.ws.session.WASSessionCore                            I SESN0176I: A new session context will be created for application key default_host/zosConnect/designer/api/zosAssetProvider/cics-1.0
[11/16/23 21:54:34:127 UTC] 00000039 com.ibm.ws.session.WASSessionCore                            I SESN0176I: A new session context will be created for application key default_host/zosConnect/designer/api/zosAssetProvider/ims-1.0
[11/16/23 21:54:34:127 UTC] 00000033 com.ibm.ws.util                                              I SESN0172I: The session manager is using the Java default SecureRandom implementation for session ID generation.
[11/16/23 21:54:34:129 UTC] 0000003e com.ibm.ws.util                                              I SESN0172I: The session manager is using the Java default SecureRandom implementation for session ID generation.
[11/16/23 21:54:34:130 UTC] 00000039 com.ibm.ws.util                                              I SESN0172I: The session manager is using the Java default SecureRandom implementation for session ID generation.
[11/16/23 21:54:34:140 UTC] 00000032 com.ibm.ws.webcontainer.osgi.mbeans.PluginGenerator          I SRVE9103I: A configuration file for a web server plugin was automatically generated for this server at /opt/ibm/wlp/output/defaultServer/logs/state/plugin-cfg.xml.
[11/16/23 21:54:34:156 UTC] 0000003e com.ibm.ws.app.manager.AppMessageHelper                      A CWWKZ0001I: Application zosconnect-ui-backend-cics started in 1.751 seconds.
[11/16/23 21:54:34:156 UTC] 00000039 com.ibm.ws.app.manager.AppMessageHelper                      A CWWKZ0001I: Application zosconnect-ui-backend-ims started in 1.752 seconds.
[11/16/23 21:54:34:156 UTC] 00000033 com.ibm.ws.app.manager.AppMessageHelper                      A CWWKZ0001I: Application zosconnect-ui-backend-db2 started in 1.751 seconds.
[11/16/23 21:54:36:284 UTC] 00000042 com.ibm.ws.webcontainer.osgi.webapp.WebGroup                 I SRVE0169I: Loading Web Module: com.ibm.zosconnect.ui.backend.
[11/16/23 21:54:36:285 UTC] 00000042 com.ibm.ws.webcontainer                                      I SRVE0250I: Web Module com.ibm.zosconnect.ui.backend has been bound to default_host.
[11/16/23 21:54:36:287 UTC] 00000042 com.ibm.ws.http.internal.VirtualHostImpl                     A CWWKT0016I: Web application available (default_host): http://29441eee8847:9080/zosConnect/designer/api/
[11/16/23 21:54:36:288 UTC] 0000003f com.ibm.ws.session.WASSessionCore                            I SESN0176I: A new session context will be created for application key default_host/zosConnect/designer/api
[11/16/23 21:54:36:289 UTC] 0000003f com.ibm.ws.util                                              I SESN0172I: The session manager is using the Java default SecureRandom implementation for session ID generation.
[11/16/23 21:54:36:346 UTC] 0000003f com.ibm.ws.app.manager.AppMessageHelper                      A CWWKZ0001I: Application zosconnect-ui-backend started in 3.940 seconds.
[11/16/23 21:54:36:433 UTC] 00000042 com.ibm.ws.webcontainer.osgi.mbeans.PluginGenerator          I SRVE9103I: A configuration file for a web server plugin was automatically generated for this server at /opt/ibm/wlp/output/defaultServer/logs/state/plugin-cfg.xml.
[11/16/23 21:54:36:445 UTC] 00000031 com.ibm.ws.tcpchannel.internal.TCPPort                       I CWWKO0219I: TCP Channel defaultHttpEndpoint has been started and is now listening for requests on host *  (IPv4) port 9080.
[11/16/23 21:54:36:451 UTC] 00000031 com.ibm.ws.tcpchannel.internal.TCPPort                       I CWWKO0219I: TCP Channel defaultHttpEndpoint-ssl has been started and is now listening for requests on host *  (IPv4) port 9443.
[11/16/23 21:54:36:487 UTC] 00000031 com.ibm.ws.kernel.feature.internal.FeatureManager            A CWWKF0015I: The server has the following interim fixes active in the runtime: PH50863. For a full listing of installed fixes run: productInfo version --ifixes
[11/16/23 21:54:36:488 UTC] 00000031 com.ibm.ws.kernel.feature.internal.FeatureManager            A CWWKF0012I: The server installed the following features: [appSecurity-2.0, audit-1.0, beanValidation-2.0, cdi-2.0, distributedMap-1.0, el-3.0, jaxrs-2.1, jaxrsClient-2.1, jca-1.7, jndi-1.0, json-1.0, jsonb-1.0, jsonp-1.1, jsp-2.3, jwt-1.0, monitor-1.0, mpConfig-2.0, mpHealth-3.1, mpMetrics-3.0, mpOpenAPI-2.0, servlet-4.0, ssl-1.0, transportSecurity-1.0, zosconnect:cics-1.0, zosconnect:db2-1.0, zosconnect:designer-1.0, zosconnect:ims-1.0, zosconnect:zosConnect-3.0].
[11/16/23 21:54:36:489 UTC] 00000031 com.ibm.ws.kernel.feature.internal.FeatureManager            I CWWKF0008I: Feature update completed in 10.021 seconds.
[11/16/23 21:54:36:490 UTC] 00000031 com.ibm.ws.kernel.feature.internal.FeatureManager            A CWWKF0011I: The defaultServer server is ready to run a smarter planet. The defaultServer server started in 11.842 seconds.
[11/16/23 21:54:36:504 UTC] 00000069 SystemErr                                                    R SLF4J: Failed to load class "org.slf4j.impl.StaticLoggerBinder".
[11/16/23 21:54:36:506 UTC] 00000069 SystemErr                                                    R SLF4J: Defaulting to no-operation (NOP) logger implementation
[11/16/23 21:54:36:507 UTC] 00000069 SystemErr                                                    R SLF4J: See http://www.slf4j.org/codes.html#StaticLoggerBinder for further details.
[11/16/23 21:54:36:566 UTC] 0000003f g.apache.cxf.cxf.core.3.2:1.0.75.cl230320230319-1900(id=91)] I Setting the server's publish address to be /
[11/16/23 21:54:36:617 UTC] 0000003f com.ibm.ws.webcontainer.servlet                              I SRVE0242I: [zosconnect-ui-backend] [/zosConnect/designer/api] [com.ibm.zosconnect.ui.backend]: Initialization successful.
[11/16/23 21:54:47:275 UTC] 00000069 m.ibm.zosconnect.ui.backend.apiproject.TestApiProjectHandler I BAQW0071I: Successfully initialized monitoring of API project.
[11/16/23 21:54:47:688 UTC] 0000003a com.ibm.ws.config.xml.internal.ConfigRefresher               A CWWKG0016I: Starting server configuration update.
[11/16/23 21:54:47:689 UTC] 0000003a com.ibm.ws.config.xml.internal.ServerXMLConfiguration        A CWWKG0093A: Processing configuration drop-ins resource: /opt/ibm/wlp/usr/servers/defaultServer/configDropins/defaults/keystore.xml
[11/16/23 21:54:47:691 UTC] 0000003a com.ibm.ws.config.xml.internal.ServerXMLConfiguration        A CWWKG0093A: Processing configuration drop-ins resource: /opt/ibm/wlp/usr/servers/defaultServer/configDropins/overrides/cics.xml
[11/16/23 21:54:47:692 UTC] 0000003a com.ibm.ws.config.xml.internal.ServerXMLConfiguration        A CWWKG0093A: Processing configuration drop-ins resource: /opt/ibm/wlp/usr/servers/defaultServer/configDropins/overrides/http-ssl-endpoint.xml
[11/16/23 21:54:47:694 UTC] 0000003a com.ibm.ws.config.xml.internal.ServerXMLConfiguration        A CWWKG0093A: Processing configuration drop-ins resource: /opt/ibm/wlp/usr/servers/defaultServer/configDropins/overrides/server.xml
[11/16/23 21:54:47:695 UTC] 0000003a com.ibm.ws.config.xml.internal.ServerXMLConfiguration        A CWWKG0093A: Processing configuration drop-ins resource: /opt/ibm/wlp/usr/servers/defaultServer/configDropins/overrides/tls.xml
[11/16/23 21:54:47:737 UTC] 0000003f com.ibm.ws.kernel.feature.internal.FeatureManager            I CWWKF0007I: Feature update started.
[11/16/23 21:54:48:897 UTC] 0000003a com.ibm.ws.config.xml.internal.ConfigRefresher               A CWWKG0017I: The server configuration was successfully updated in 1.213 seconds.
[11/16/23 21:54:48:900 UTC] 0000003f com.ibm.ws.kernel.feature.internal.FeatureManager            A CWWKF0015I: The server has the following interim fixes active in the runtime: PH50863. For a full listing of installed fixes run: productInfo version --ifixes
[11/16/23 21:54:48:902 UTC] 0000003f com.ibm.ws.kernel.feature.internal.FeatureManager            A CWWKF0008I: Feature update completed in 1.189 seconds.
[11/16/23 21:55:05:332 UTC] 00000040 com.ibm.ws.webcontainer.servlet                              I SRVE0242I: [zosconnect-ui] [/zosConnect/designer] [DesignerServlet]: Initialization successful.
[11/16/23 21:55:06:498 UTC] 00000039 com.ibm.ws.webcontainer.servlet                              I SRVE0242I: [zosconnect-ui] [/zosConnect/designer] [/index.jsp]: Initialization successful.
[11/16/23 21:56:16:638 UTC] 00000031 com.ibm.ws.app.manager.AppMessageHelper                      I CWWKZ0018I: Starting application api.
[11/16/23 21:56:16:640 UTC] 00000031 bm.ws.app.manager.war.internal.WARDeployedAppInfoFactoryImpl I CWWKZ0133I: The api application at the /opt/ibm/wlp/usr/servers/defaultServer/dropins/api.war location is being expanded to the /opt/ibm/wlp/usr/servers/defaultServer/apps/expanded/api.war directory.
[11/16/23 21:56:16:736 UTC] 00000031 liberty.microprofile.openapi20.internal.ApplicationProcessor I CWWKO1660I: The application api was processed and an OpenAPI document was produced.
[11/16/23 21:56:17:553 UTC] 00000031 com.ibm.ws.webcontainer.osgi.webapp.WebGroup                 I SRVE0169I: Loading Web Module: api.
[11/16/23 21:56:17:553 UTC] 00000031 com.ibm.ws.webcontainer                                      I SRVE0250I: Web Module api has been bound to default_host.
[11/16/23 21:56:17:554 UTC] 00000031 com.ibm.ws.http.internal.VirtualHostImpl                     A CWWKT0016I: Web application available (default_host): http://29441eee8847:9080/
[11/16/23 21:56:17:556 UTC] 0000003e com.ibm.ws.session.WASSessionCore                            I SESN0176I: A new session context will be created for application key default_host/
[11/16/23 21:56:17:557 UTC] 0000003e com.ibm.ws.util                                              I SESN0172I: The session manager is using the Java default SecureRandom implementation for session ID generation.
[11/16/23 21:56:17:564 UTC] 0000003e com.ibm.ws.app.manager.AppMessageHelper                      A CWWKZ0001I: Application api started in 0.926 seconds.
[11/16/23 21:56:17:579 UTC] 0000003c com.ibm.ws.webcontainer.osgi.mbeans.PluginGenerator          I SRVE9103I: A configuration file for a web server plugin was automatically generated for this server at /opt/ibm/wlp/output/defaultServer/logs/state/plugin-cfg.xml.
[11/16/23 21:56:17:581 UTC] 0000003e g.apache.cxf.cxf.core.3.2:1.0.75.cl230320230319-1900(id=91)] I Setting the server's publish address to be /
[11/16/23 21:56:17:588 UTC] 0000003e com.ibm.ws.webcontainer.servlet                              I SRVE0242I: [api] [/] [updcust]: Initialization successful.
[11/16/23 21:56:21:906 UTC] 00000042 g.apache.cxf.cxf.core.3.2:1.0.75.cl230320230319-1900(id=91)] I Setting the server's publish address to be /
[11/16/23 21:56:21:913 UTC] 00000042 com.ibm.ws.webcontainer.servlet                              I SRVE0242I: [zosconnect-ui-backend-cics] [/zosConnect/designer/api/zosAssetProvider/cics-1.0] [com.ibm.zosconnect.ui.backend.cics.WorkspaceApplication]: Initialization successful.
[11/16/23 21:57:39:966 UTC] 00000035 com.ibm.ws.http.internal.VirtualHostImpl                     A CWWKT0017I: Web application removed (default_host): http://29441eee8847:9080/
[11/16/23 21:57:39:971 UTC] 00000035 com.ibm.ws.webcontainer.servlet                              I SRVE0253I: [api] [/] [updcust]: Destroy successful.
[11/16/23 21:57:40:013 UTC] 00000035 com.ibm.ws.app.manager.AppMessageHelper                      A CWWKZ0009I: The application api has stopped successfully.
[11/16/23 21:57:40:027 UTC] 00000041 com.ibm.ws.webcontainer.osgi.mbeans.PluginGenerator          I SRVE9103I: A configuration file for a web server plugin was automatically generated for this server at /opt/ibm/wlp/output/defaultServer/logs/state/plugin-cfg.xml.
[11/16/23 21:57:42:628 UTC] 00000039 com.ibm.ws.app.manager.AppMessageHelper                      I CWWKZ0018I: Starting application api.
[11/16/23 21:57:42:629 UTC] 00000039 bm.ws.app.manager.war.internal.WARDeployedAppInfoFactoryImpl I CWWKZ0133I: The api application at the /opt/ibm/wlp/usr/servers/defaultServer/dropins/api.war location is being expanded to the /opt/ibm/wlp/usr/servers/defaultServer/apps/expanded/api.war directory.
[11/16/23 21:57:42:672 UTC] 00000039 liberty.microprofile.openapi20.internal.ApplicationProcessor I CWWKO1660I: The application api was processed and an OpenAPI document was produced.
[11/16/23 21:57:43:072 UTC] 00000039 zosasset.cics.internal.factories.CicsCommareaZosAssetFactory I BAQR1753I: Loaded CICS COMMAREA z/OS Asset APICTRL
[11/16/23 21:57:43:075 UTC] 00000039 com.ibm.ws.webcontainer.osgi.webapp.WebGroup                 I SRVE0169I: Loading Web Module: api.
[11/16/23 21:57:43:076 UTC] 00000039 com.ibm.ws.webcontainer                                      I SRVE0250I: Web Module api has been bound to default_host.
[11/16/23 21:57:43:077 UTC] 00000039 com.ibm.ws.http.internal.VirtualHostImpl                     A CWWKT0016I: Web application available (default_host): http://29441eee8847:9080/
[11/16/23 21:57:43:078 UTC] 0000003b com.ibm.ws.session.WASSessionCore                            I SESN0176I: A new session context will be created for application key default_host/
[11/16/23 21:57:43:080 UTC] 0000003b com.ibm.ws.util                                              I SESN0172I: The session manager is using the Java default SecureRandom implementation for session ID generation.
[11/16/23 21:57:43:088 UTC] 0000003b com.ibm.ws.app.manager.AppMessageHelper                      A CWWKZ0001I: Application api started in 0.459 seconds.
[11/16/23 21:57:43:097 UTC] 00000034 com.ibm.ws.webcontainer.osgi.mbeans.PluginGenerator          I SRVE9103I: A configuration file for a web server plugin was automatically generated for this server at /opt/ibm/wlp/output/defaultServer/logs/state/plugin-cfg.xml.
[11/16/23 21:57:43:098 UTC] 0000003b g.apache.cxf.cxf.core.3.2:1.0.75.cl230320230319-1900(id=91)] I Setting the server's publish address to be /
[11/16/23 21:57:43:112 UTC] 0000003b com.ibm.ws.webcontainer.servlet                              I SRVE0242I: [api] [/] [updcust]: Initialization successful.
[11/16/23 21:58:15:909 UTC] 0000003b com.ibm.ws.http.internal.VirtualHostImpl                     A CWWKT0017I: Web application removed (default_host): http://29441eee8847:9080/
[11/16/23 21:58:15:911 UTC] 0000003b com.ibm.ws.webcontainer.servlet                              I SRVE0253I: [api] [/] [updcust]: Destroy successful.
[11/16/23 21:58:15:923 UTC] 0000003b com.ibm.ws.app.manager.AppMessageHelper                      A CWWKZ0009I: The application api has stopped successfully.
[11/16/23 21:58:15:960 UTC] 00000034 com.ibm.ws.webcontainer.osgi.mbeans.PluginGenerator          I SRVE9103I: A configuration file for a web server plugin was automatically generated for this server at /opt/ibm/wlp/output/defaultServer/logs/state/plugin-cfg.xml.
[11/16/23 21:58:18:576 UTC] 0000003c com.ibm.ws.app.manager.AppMessageHelper                      I CWWKZ0018I: Starting application api.
[11/16/23 21:58:18:577 UTC] 0000003c bm.ws.app.manager.war.internal.WARDeployedAppInfoFactoryImpl I CWWKZ0133I: The api application at the /opt/ibm/wlp/usr/servers/defaultServer/dropins/api.war location is being expanded to the /opt/ibm/wlp/usr/servers/defaultServer/apps/expanded/api.war directory.
[11/16/23 21:58:18:623 UTC] 0000003c liberty.microprofile.openapi20.internal.ApplicationProcessor I CWWKO1660I: The application api was processed and an OpenAPI document was produced.
[11/16/23 21:58:19:061 UTC] 0000003c zosasset.cics.internal.factories.CicsCommareaZosAssetFactory I BAQR1753I: Loaded CICS COMMAREA z/OS Asset APICTRL
[11/16/23 21:58:19:090 UTC] 0000003c com.ibm.zosconnect.engine.impl.OperationManagerImpl          E BAQR1658E: Missing response_mapping.yaml for operation %2Fupdate/put.
[11/16/23 21:58:19:091 UTC] 0000003c com.ibm.zosconnect.engine.impl.OperationManagerImpl          E BAQR1668E: No response mappings are defined for operation %2Fupdate/put.
[11/16/23 21:58:19:093 UTC] 0000003c com.ibm.ws.webcontainer.osgi.webapp.WebGroup                 I SRVE0169I: Loading Web Module: api.
[11/16/23 21:58:19:094 UTC] 0000003c com.ibm.ws.webcontainer                                      I SRVE0250I: Web Module api has been bound to default_host.
[11/16/23 21:58:19:095 UTC] 0000003c com.ibm.ws.http.internal.VirtualHostImpl                     A CWWKT0016I: Web application available (default_host): http://29441eee8847:9080/
[11/16/23 21:58:19:097 UTC] 00000033 com.ibm.ws.session.WASSessionCore                            I SESN0176I: A new session context will be created for application key default_host/
[11/16/23 21:58:19:098 UTC] 00000033 com.ibm.ws.util                                              I SESN0172I: The session manager is using the Java default SecureRandom implementation for session ID generation.
[11/16/23 21:58:19:106 UTC] 00000033 com.ibm.ws.app.manager.AppMessageHelper                      A CWWKZ0001I: Application api started in 0.530 seconds.
[11/16/23 21:58:19:120 UTC] 00000033 g.apache.cxf.cxf.core.3.2:1.0.75.cl230320230319-1900(id=91)] I Setting the server's publish address to be /
[11/16/23 21:58:19:120 UTC] 00000042 com.ibm.ws.webcontainer.osgi.mbeans.PluginGenerator          I SRVE9103I: A configuration file for a web server plugin was automatically generated for this server at /opt/ibm/wlp/output/defaultServer/logs/state/plugin-cfg.xml.
[11/16/23 21:58:19:128 UTC] 00000033 com.ibm.ws.webcontainer.servlet                              I SRVE0242I: [api] [/] [updcust]: Initialization successful.
[11/16/23 21:58:24:809 UTC] 00000036 com.ibm.ws.http.internal.VirtualHostImpl                     A CWWKT0017I: Web application removed (default_host): http://29441eee8847:9080/
[11/16/23 21:58:24:810 UTC] 00000036 com.ibm.ws.webcontainer.servlet                              I SRVE0253I: [api] [/] [updcust]: Destroy successful.
[11/16/23 21:58:24:816 UTC] 00000036 com.ibm.ws.app.manager.AppMessageHelper                      A CWWKZ0009I: The application api has stopped successfully.
[11/16/23 21:58:24:854 UTC] 0000003b com.ibm.ws.webcontainer.osgi.mbeans.PluginGenerator          I SRVE9103I: A configuration file for a web server plugin was automatically generated for this server at /opt/ibm/wlp/output/defaultServer/logs/state/plugin-cfg.xml.
[11/16/23 21:58:27:489 UTC] 00000037 com.ibm.ws.app.manager.AppMessageHelper                      I CWWKZ0018I: Starting application api.
[11/16/23 21:58:27:490 UTC] 00000037 bm.ws.app.manager.war.internal.WARDeployedAppInfoFactoryImpl I CWWKZ0133I: The api application at the /opt/ibm/wlp/usr/servers/defaultServer/dropins/api.war location is being expanded to the /opt/ibm/wlp/usr/servers/defaultServer/apps/expanded/api.war directory.
[11/16/23 21:58:27:541 UTC] 00000037 liberty.microprofile.openapi20.internal.ApplicationProcessor I CWWKO1660I: The application api was processed and an OpenAPI document was produced.
[11/16/23 21:58:27:822 UTC] 00000037 com.ibm.zosconnect.engine.impl.OperationManagerImpl          E BAQR1658E: Missing response_mapping.yaml for operation %2Fupdate/put.
[11/16/23 21:58:27:824 UTC] 00000037 com.ibm.zosconnect.engine.impl.OperationManagerImpl          E BAQR1668E: No response mappings are defined for operation %2Fupdate/put.
[11/16/23 21:58:27:884 UTC] 00000037 zosasset.cics.internal.factories.CicsCommareaZosAssetFactory I BAQR1753I: Loaded CICS COMMAREA z/OS Asset APICTRL
[11/16/23 21:58:27:886 UTC] 00000037 com.ibm.ws.webcontainer.osgi.webapp.WebGroup                 I SRVE0169I: Loading Web Module: api.
[11/16/23 21:58:27:887 UTC] 00000037 com.ibm.ws.webcontainer                                      I SRVE0250I: Web Module api has been bound to default_host.
[11/16/23 21:58:27:889 UTC] 00000037 com.ibm.ws.http.internal.VirtualHostImpl                     A CWWKT0016I: Web application available (default_host): http://29441eee8847:9080/
[11/16/23 21:58:27:890 UTC] 0000003f com.ibm.ws.session.WASSessionCore                            I SESN0176I: A new session context will be created for application key default_host/
[11/16/23 21:58:27:891 UTC] 0000003f com.ibm.ws.util                                              I SESN0172I: The session manager is using the Java default SecureRandom implementation for session ID generation.
[11/16/23 21:58:27:898 UTC] 0000003f com.ibm.ws.app.manager.AppMessageHelper                      A CWWKZ0001I: Application api started in 0.409 seconds.
[11/16/23 21:58:27:906 UTC] 00000035 com.ibm.ws.webcontainer.osgi.mbeans.PluginGenerator          I SRVE9103I: A configuration file for a web server plugin was automatically generated for this server at /opt/ibm/wlp/output/defaultServer/logs/state/plugin-cfg.xml.
[11/16/23 21:58:27:909 UTC] 0000003f g.apache.cxf.cxf.core.3.2:1.0.75.cl230320230319-1900(id=91)] I Setting the server's publish address to be /
[11/16/23 21:58:27:915 UTC] 0000003f com.ibm.ws.webcontainer.servlet                              I SRVE0242I: [api] [/] [updcust]: Initialization successful.
[11/16/23 21:58:33:833 UTC] 00000041 com.ibm.ws.http.internal.VirtualHostImpl                     A CWWKT0017I: Web application removed (default_host): http://29441eee8847:9080/
[11/16/23 21:58:33:841 UTC] 00000041 com.ibm.ws.webcontainer.servlet                              I SRVE0253I: [api] [/] [updcust]: Destroy successful.
[11/16/23 21:58:33:860 UTC] 00000041 com.ibm.ws.app.manager.AppMessageHelper                      A CWWKZ0009I: The application api has stopped successfully.
[11/16/23 21:58:33:873 UTC] 00000039 com.ibm.ws.webcontainer.osgi.mbeans.PluginGenerator          I SRVE9103I: A configuration file for a web server plugin was automatically generated for this server at /opt/ibm/wlp/output/defaultServer/logs/state/plugin-cfg.xml.
[11/16/23 21:58:36:397 UTC] 00000036 com.ibm.ws.app.manager.AppMessageHelper                      I CWWKZ0018I: Starting application api.
[11/16/23 21:58:36:399 UTC] 00000036 bm.ws.app.manager.war.internal.WARDeployedAppInfoFactoryImpl I CWWKZ0133I: The api application at the /opt/ibm/wlp/usr/servers/defaultServer/dropins/api.war location is being expanded to the /opt/ibm/wlp/usr/servers/defaultServer/apps/expanded/api.war directory.
[11/16/23 21:58:36:453 UTC] 00000036 liberty.microprofile.openapi20.internal.ApplicationProcessor I CWWKO1660I: The application api was processed and an OpenAPI document was produced.
[11/16/23 21:58:36:723 UTC] 00000036 com.ibm.zosconnect.engine.impl.OperationManagerImpl          E BAQR1658E: Missing response_mapping.yaml for operation %2Fupdate/put.
[11/16/23 21:58:36:724 UTC] 00000036 com.ibm.zosconnect.engine.impl.OperationManagerImpl          E BAQR1668E: No response mappings are defined for operation %2Fupdate/put.
[11/16/23 21:58:36:791 UTC] 00000036 zosasset.cics.internal.factories.CicsCommareaZosAssetFactory I BAQR1753I: Loaded CICS COMMAREA z/OS Asset APICTRL
[11/16/23 21:58:36:793 UTC] 00000036 com.ibm.ws.webcontainer.osgi.webapp.WebGroup                 I SRVE0169I: Loading Web Module: api.
[11/16/23 21:58:36:794 UTC] 00000036 com.ibm.ws.webcontainer                                      I SRVE0250I: Web Module api has been bound to default_host.
[11/16/23 21:58:36:795 UTC] 00000036 com.ibm.ws.http.internal.VirtualHostImpl                     A CWWKT0016I: Web application available (default_host): http://29441eee8847:9080/
[11/16/23 21:58:36:797 UTC] 00000040 com.ibm.ws.session.WASSessionCore                            I SESN0176I: A new session context will be created for application key default_host/
[11/16/23 21:58:36:799 UTC] 00000040 com.ibm.ws.util                                              I SESN0172I: The session manager is using the Java default SecureRandom implementation for session ID generation.
[11/16/23 21:58:36:808 UTC] 00000040 com.ibm.ws.app.manager.AppMessageHelper                      A CWWKZ0001I: Application api started in 0.410 seconds.
[11/16/23 21:58:36:818 UTC] 00000040 g.apache.cxf.cxf.core.3.2:1.0.75.cl230320230319-1900(id=91)] I Setting the server's publish address to be /
[11/16/23 21:58:36:821 UTC] 00000041 com.ibm.ws.webcontainer.osgi.mbeans.PluginGenerator          I SRVE9103I: A configuration file for a web server plugin was automatically generated for this server at /opt/ibm/wlp/output/defaultServer/logs/state/plugin-cfg.xml.
[11/16/23 21:58:36:826 UTC] 00000040 com.ibm.ws.webcontainer.servlet                              I SRVE0242I: [api] [/] [updcust]: Initialization successful.
[11/16/23 21:58:42:626 UTC] 0000003c com.ibm.ws.http.internal.VirtualHostImpl                     A CWWKT0017I: Web application removed (default_host): http://29441eee8847:9080/
[11/16/23 21:58:42:632 UTC] 0000003c com.ibm.ws.webcontainer.servlet                              I SRVE0253I: [api] [/] [updcust]: Destroy successful.
[11/16/23 21:58:42:642 UTC] 0000003c com.ibm.ws.app.manager.AppMessageHelper                      A CWWKZ0009I: The application api has stopped successfully.
[11/16/23 21:58:42:664 UTC] 00000040 com.ibm.ws.webcontainer.osgi.mbeans.PluginGenerator          I SRVE9103I: A configuration file for a web server plugin was automatically generated for this server at /opt/ibm/wlp/output/defaultServer/logs/state/plugin-cfg.xml.
[11/16/23 21:58:45:307 UTC] 00000041 com.ibm.ws.app.manager.AppMessageHelper                      I CWWKZ0018I: Starting application api.
[11/16/23 21:58:45:309 UTC] 00000041 bm.ws.app.manager.war.internal.WARDeployedAppInfoFactoryImpl I CWWKZ0133I: The api application at the /opt/ibm/wlp/usr/servers/defaultServer/dropins/api.war location is being expanded to the /opt/ibm/wlp/usr/servers/defaultServer/apps/expanded/api.war directory.
[11/16/23 21:58:45:351 UTC] 00000041 liberty.microprofile.openapi20.internal.ApplicationProcessor I CWWKO1660I: The application api was processed and an OpenAPI document was produced.
[11/16/23 21:58:45:599 UTC] 00000041 com.ibm.zosconnect.engine.impl.OperationManagerImpl          E BAQR1658E: Missing response_mapping.yaml for operation %2Fupdate/put.
[11/16/23 21:58:45:600 UTC] 00000041 com.ibm.zosconnect.engine.impl.OperationManagerImpl          E BAQR1668E: No response mappings are defined for operation %2Fupdate/put.
[11/16/23 21:58:45:664 UTC] 00000041 zosasset.cics.internal.factories.CicsCommareaZosAssetFactory I BAQR1753I: Loaded CICS COMMAREA z/OS Asset APICTRL
[11/16/23 21:58:45:666 UTC] 00000041 com.ibm.ws.webcontainer.osgi.webapp.WebGroup                 I SRVE0169I: Loading Web Module: api.
[11/16/23 21:58:45:667 UTC] 00000041 com.ibm.ws.webcontainer                                      I SRVE0250I: Web Module api has been bound to default_host.
[11/16/23 21:58:45:668 UTC] 00000041 com.ibm.ws.http.internal.VirtualHostImpl                     A CWWKT0016I: Web application available (default_host): http://29441eee8847:9080/
[11/16/23 21:58:45:669 UTC] 00000040 com.ibm.ws.session.WASSessionCore                            I SESN0176I: A new session context will be created for application key default_host/
[11/16/23 21:58:45:670 UTC] 00000040 com.ibm.ws.util                                              I SESN0172I: The session manager is using the Java default SecureRandom implementation for session ID generation.
[11/16/23 21:58:45:677 UTC] 00000040 com.ibm.ws.app.manager.AppMessageHelper                      A CWWKZ0001I: Application api started in 0.370 seconds.
[11/16/23 21:58:45:688 UTC] 00000040 g.apache.cxf.cxf.core.3.2:1.0.75.cl230320230319-1900(id=91)] I Setting the server's publish address to be /
[11/16/23 21:58:45:691 UTC] 0000003b com.ibm.ws.webcontainer.osgi.mbeans.PluginGenerator          I SRVE9103I: A configuration file for a web server plugin was automatically generated for this server at /opt/ibm/wlp/output/defaultServer/logs/state/plugin-cfg.xml.
[11/16/23 21:58:45:697 UTC] 00000040 com.ibm.ws.webcontainer.servlet                              I SRVE0242I: [api] [/] [updcust]: Initialization successful.
[11/16/23 21:58:52:033 UTC] 00000042 com.ibm.ws.http.internal.VirtualHostImpl                     A CWWKT0017I: Web application removed (default_host): http://29441eee8847:9080/
[11/16/23 21:58:52:034 UTC] 00000042 com.ibm.ws.webcontainer.servlet                              I SRVE0253I: [api] [/] [updcust]: Destroy successful.
[11/16/23 21:58:52:039 UTC] 00000042 com.ibm.ws.app.manager.AppMessageHelper                      A CWWKZ0009I: The application api has stopped successfully.
[11/16/23 21:58:52:052 UTC] 0000003a com.ibm.ws.webcontainer.osgi.mbeans.PluginGenerator          I SRVE9103I: A configuration file for a web server plugin was automatically generated for this server at /opt/ibm/wlp/output/defaultServer/logs/state/plugin-cfg.xml.
[11/16/23 21:58:54:168 UTC] 00000041 com.ibm.ws.app.manager.AppMessageHelper                      I CWWKZ0018I: Starting application api.
[11/16/23 21:58:54:169 UTC] 00000041 bm.ws.app.manager.war.internal.WARDeployedAppInfoFactoryImpl I CWWKZ0133I: The api application at the /opt/ibm/wlp/usr/servers/defaultServer/dropins/api.war location is being expanded to the /opt/ibm/wlp/usr/servers/defaultServer/apps/expanded/api.war directory.
[11/16/23 21:58:54:204 UTC] 00000041 liberty.microprofile.openapi20.internal.ApplicationProcessor I CWWKO1660I: The application api was processed and an OpenAPI document was produced.
[11/16/23 21:58:54:561 UTC] 00000041 zosasset.cics.internal.factories.CicsCommareaZosAssetFactory I BAQR1753I: Loaded CICS COMMAREA z/OS Asset APICTRL
[11/16/23 21:58:54:577 UTC] 00000041 com.ibm.zosconnect.engine.impl.OperationManagerImpl          E BAQR1658E: Missing response_mapping.yaml for operation %2Fupdate/put.
[11/16/23 21:58:54:579 UTC] 00000041 com.ibm.ws.webcontainer.osgi.webapp.WebGroup                 I SRVE0169I: Loading Web Module: api.
[11/16/23 21:58:54:580 UTC] 00000041 com.ibm.ws.webcontainer                                      I SRVE0250I: Web Module api has been bound to default_host.
[11/16/23 21:58:54:581 UTC] 00000041 com.ibm.ws.http.internal.VirtualHostImpl                     A CWWKT0016I: Web application available (default_host): http://29441eee8847:9080/
[11/16/23 21:58:54:583 UTC] 00000034 com.ibm.ws.session.WASSessionCore                            I SESN0176I: A new session context will be created for application key default_host/
[11/16/23 21:58:54:584 UTC] 00000034 com.ibm.ws.util                                              I SESN0172I: The session manager is using the Java default SecureRandom implementation for session ID generation.
[11/16/23 21:58:54:590 UTC] 00000034 com.ibm.ws.app.manager.AppMessageHelper                      A CWWKZ0001I: Application api started in 0.422 seconds.
[11/16/23 21:58:54:597 UTC] 0000003b com.ibm.ws.webcontainer.osgi.mbeans.PluginGenerator          I SRVE9103I: A configuration file for a web server plugin was automatically generated for this server at /opt/ibm/wlp/output/defaultServer/logs/state/plugin-cfg.xml.
[11/16/23 21:58:54:600 UTC] 00000034 g.apache.cxf.cxf.core.3.2:1.0.75.cl230320230319-1900(id=91)] I Setting the server's publish address to be /
[11/16/23 21:58:54:606 UTC] 00000034 com.ibm.ws.webcontainer.servlet                              I SRVE0242I: [api] [/] [updcust]: Initialization successful.
[11/16/23 21:59:00:896 UTC] 00000031 com.ibm.ws.http.internal.VirtualHostImpl                     A CWWKT0017I: Web application removed (default_host): http://29441eee8847:9080/
[11/16/23 21:59:00:898 UTC] 00000031 com.ibm.ws.webcontainer.servlet                              I SRVE0253I: [api] [/] [updcust]: Destroy successful.
[11/16/23 21:59:00:902 UTC] 00000031 com.ibm.ws.app.manager.AppMessageHelper                      A CWWKZ0009I: The application api has stopped successfully.
[11/16/23 21:59:00:914 UTC] 00000040 com.ibm.ws.webcontainer.osgi.mbeans.PluginGenerator          I SRVE9103I: A configuration file for a web server plugin was automatically generated for this server at /opt/ibm/wlp/output/defaultServer/logs/state/plugin-cfg.xml.
[11/16/23 21:59:03:077 UTC] 00000035 com.ibm.ws.app.manager.AppMessageHelper                      I CWWKZ0018I: Starting application api.
[11/16/23 21:59:03:079 UTC] 00000035 bm.ws.app.manager.war.internal.WARDeployedAppInfoFactoryImpl I CWWKZ0133I: The api application at the /opt/ibm/wlp/usr/servers/defaultServer/dropins/api.war location is being expanded to the /opt/ibm/wlp/usr/servers/defaultServer/apps/expanded/api.war directory.
[11/16/23 21:59:03:119 UTC] 00000035 liberty.microprofile.openapi20.internal.ApplicationProcessor I CWWKO1660I: The application api was processed and an OpenAPI document was produced.
[11/16/23 21:59:03:345 UTC] 00000035 com.ibm.zosconnect.engine.impl.OperationManagerImpl          E BAQR1658E: Missing response_mapping.yaml for operation %2Fupdate/put.
[11/16/23 21:59:03:401 UTC] 00000035 zosasset.cics.internal.factories.CicsCommareaZosAssetFactory I BAQR1753I: Loaded CICS COMMAREA z/OS Asset APICTRL
[11/16/23 21:59:03:403 UTC] 00000035 com.ibm.ws.webcontainer.osgi.webapp.WebGroup                 I SRVE0169I: Loading Web Module: api.
[11/16/23 21:59:03:405 UTC] 00000035 com.ibm.ws.webcontainer                                      I SRVE0250I: Web Module api has been bound to default_host.
[11/16/23 21:59:03:406 UTC] 00000035 com.ibm.ws.http.internal.VirtualHostImpl                     A CWWKT0016I: Web application available (default_host): http://29441eee8847:9080/
[11/16/23 21:59:03:407 UTC] 00000037 com.ibm.ws.session.WASSessionCore                            I SESN0176I: A new session context will be created for application key default_host/
[11/16/23 21:59:03:408 UTC] 00000037 com.ibm.ws.util                                              I SESN0172I: The session manager is using the Java default SecureRandom implementation for session ID generation.
[11/16/23 21:59:03:415 UTC] 00000037 com.ibm.ws.app.manager.AppMessageHelper                      A CWWKZ0001I: Application api started in 0.337 seconds.
[11/16/23 21:59:03:420 UTC] 00000034 com.ibm.ws.webcontainer.osgi.mbeans.PluginGenerator          I SRVE9103I: A configuration file for a web server plugin was automatically generated for this server at /opt/ibm/wlp/output/defaultServer/logs/state/plugin-cfg.xml.
[11/16/23 21:59:03:423 UTC] 00000037 g.apache.cxf.cxf.core.3.2:1.0.75.cl230320230319-1900(id=91)] I Setting the server's publish address to be /
[11/16/23 21:59:03:429 UTC] 00000037 com.ibm.ws.webcontainer.servlet                              I SRVE0242I: [api] [/] [updcust]: Initialization successful.
[11/16/23 21:59:09:809 UTC] 00000040 com.ibm.ws.http.internal.VirtualHostImpl                     A CWWKT0017I: Web application removed (default_host): http://29441eee8847:9080/
[11/16/23 21:59:09:810 UTC] 00000040 com.ibm.ws.webcontainer.servlet                              I SRVE0253I: [api] [/] [updcust]: Destroy successful.
[11/16/23 21:59:09:815 UTC] 00000040 com.ibm.ws.app.manager.AppMessageHelper                      A CWWKZ0009I: The application api has stopped successfully.
[11/16/23 21:59:09:835 UTC] 00000037 com.ibm.ws.webcontainer.osgi.mbeans.PluginGenerator          I SRVE9103I: A configuration file for a web server plugin was automatically generated for this server at /opt/ibm/wlp/output/defaultServer/logs/state/plugin-cfg.xml.
[11/16/23 21:59:11:989 UTC] 0000003c com.ibm.ws.app.manager.AppMessageHelper                      I CWWKZ0018I: Starting application api.
[11/16/23 21:59:11:990 UTC] 0000003c bm.ws.app.manager.war.internal.WARDeployedAppInfoFactoryImpl I CWWKZ0133I: The api application at the /opt/ibm/wlp/usr/servers/defaultServer/dropins/api.war location is being expanded to the /opt/ibm/wlp/usr/servers/defaultServer/apps/expanded/api.war directory.
[11/16/23 21:59:12:023 UTC] 0000003c liberty.microprofile.openapi20.internal.ApplicationProcessor I CWWKO1660I: The application api was processed and an OpenAPI document was produced.
[11/16/23 21:59:12:270 UTC] 0000003c zosasset.cics.internal.factories.CicsCommareaZosAssetFactory I BAQR1753I: Loaded CICS COMMAREA z/OS Asset APICTRL
[11/16/23 21:59:12:285 UTC] 0000003c com.ibm.zosconnect.engine.impl.OperationManagerImpl          E BAQR1658E: Missing response_mapping.yaml for operation %2Fupdate/put.
[11/16/23 21:59:12:287 UTC] 0000003c com.ibm.ws.webcontainer.osgi.webapp.WebGroup                 I SRVE0169I: Loading Web Module: api.
[11/16/23 21:59:12:288 UTC] 0000003c com.ibm.ws.webcontainer                                      I SRVE0250I: Web Module api has been bound to default_host.
[11/16/23 21:59:12:289 UTC] 0000003c com.ibm.ws.http.internal.VirtualHostImpl                     A CWWKT0016I: Web application available (default_host): http://29441eee8847:9080/
[11/16/23 21:59:12:290 UTC] 00000042 com.ibm.ws.session.WASSessionCore                            I SESN0176I: A new session context will be created for application key default_host/
[11/16/23 21:59:12:291 UTC] 00000042 com.ibm.ws.util                                              I SESN0172I: The session manager is using the Java default SecureRandom implementation for session ID generation.
[11/16/23 21:59:12:297 UTC] 00000042 com.ibm.ws.app.manager.AppMessageHelper                      A CWWKZ0001I: Application api started in 0.308 seconds.
[11/16/23 21:59:12:316 UTC] 00000032 com.ibm.ws.webcontainer.osgi.mbeans.PluginGenerator          I SRVE9103I: A configuration file for a web server plugin was automatically generated for this server at /opt/ibm/wlp/output/defaultServer/logs/state/plugin-cfg.xml.
[11/16/23 21:59:12:317 UTC] 00000042 g.apache.cxf.cxf.core.3.2:1.0.75.cl230320230319-1900(id=91)] I Setting the server's publish address to be /
[11/16/23 21:59:12:322 UTC] 00000042 com.ibm.ws.webcontainer.servlet                              I SRVE0242I: [api] [/] [updcust]: Initialization successful.
[11/16/23 22:00:18:473 UTC] 000000f4 com.ibm.zosconnect.engine.impl.ProviderInvokeOperationImpl   E BAQR1672E: An error has occurred when trying to use a z/OS Asset. Error: BAQR1658E: Missing response_mapping.yaml for operation %2Fupdate/put.
[11/16/23 22:00:48:850 UTC] 0000003c com.ibm.ws.http.internal.VirtualHostImpl                     A CWWKT0017I: Web application removed (default_host): http://29441eee8847:9080/
[11/16/23 22:00:48:853 UTC] 0000003c com.ibm.ws.webcontainer.servlet                              I SRVE0253I: [api] [/] [updcust]: Destroy successful.
[11/16/23 22:00:48:860 UTC] 0000003c com.ibm.ws.app.manager.AppMessageHelper                      A CWWKZ0009I: The application api has stopped successfully.
[11/16/23 22:00:48:873 UTC] 00000037 com.ibm.ws.webcontainer.osgi.mbeans.PluginGenerator          I SRVE9103I: A configuration file for a web server plugin was automatically generated for this server at /opt/ibm/wlp/output/defaultServer/logs/state/plugin-cfg.xml.
[11/16/23 22:00:51:025 UTC] 00000031 com.ibm.ws.app.manager.AppMessageHelper                      I CWWKZ0018I: Starting application api.
[11/16/23 22:00:51:026 UTC] 00000031 bm.ws.app.manager.war.internal.WARDeployedAppInfoFactoryImpl I CWWKZ0133I: The api application at the /opt/ibm/wlp/usr/servers/defaultServer/dropins/api.war location is being expanded to the /opt/ibm/wlp/usr/servers/defaultServer/apps/expanded/api.war directory.
[11/16/23 22:00:51:066 UTC] 00000031 liberty.microprofile.openapi20.internal.ApplicationProcessor I CWWKO1660I: The application api was processed and an OpenAPI document was produced.
[11/16/23 22:00:51:334 UTC] 00000031 zosasset.cics.internal.factories.CicsCommareaZosAssetFactory I BAQR1753I: Loaded CICS COMMAREA z/OS Asset APICTRL
[11/16/23 22:00:51:336 UTC] 00000031 com.ibm.ws.webcontainer.osgi.webapp.WebGroup                 I SRVE0169I: Loading Web Module: api.
[11/16/23 22:00:51:337 UTC] 00000031 com.ibm.ws.webcontainer                                      I SRVE0250I: Web Module api has been bound to default_host.
[11/16/23 22:00:51:337 UTC] 00000031 com.ibm.ws.http.internal.VirtualHostImpl                     A CWWKT0016I: Web application available (default_host): http://29441eee8847:9080/
[11/16/23 22:00:51:338 UTC] 0000003e com.ibm.ws.session.WASSessionCore                            I SESN0176I: A new session context will be created for application key default_host/
[11/16/23 22:00:51:339 UTC] 0000003e com.ibm.ws.util                                              I SESN0172I: The session manager is using the Java default SecureRandom implementation for session ID generation.
[11/16/23 22:00:51:346 UTC] 0000003e com.ibm.ws.app.manager.AppMessageHelper                      A CWWKZ0001I: Application api started in 0.320 seconds.
[11/16/23 22:00:51:354 UTC] 000000f2 com.ibm.ws.webcontainer.osgi.mbeans.PluginGenerator          I SRVE9103I: A configuration file for a web server plugin was automatically generated for this server at /opt/ibm/wlp/output/defaultServer/logs/state/plugin-cfg.xml.
[11/16/23 22:00:51:354 UTC] 0000003e g.apache.cxf.cxf.core.3.2:1.0.75.cl230320230319-1900(id=91)] I Setting the server's publish address to be /
[11/16/23 22:00:51:360 UTC] 0000003e com.ibm.ws.webcontainer.servlet                              I SRVE0242I: [api] [/] [updcust]: Initialization successful.
[11/16/23 22:01:03:327 UTC] 0000010b com.ibm.zosconnect.cics.internal.conn.isc.Connection         I BAQR0680I: CICS connection cicsConn established to host esysmvs2.ztec.dmz on port 7082 with 100 sessions.
[11/17/23 1:14:29:544 UTC] 0000010e com.ibm.zosconnect.cics.internal.conn.isc.Connection         E BAQR0664E: Communication failure for CICS connection cicsConn to host esysmvs2.ztec.dmz on port 7082, reason: No heartbeat response within 30 seconds.
[11/17/23 17:11:22:897 UTC] 0000021e com.ibm.ws.http.internal.VirtualHostImpl                     A CWWKT0017I: Web application removed (default_host): http://29441eee8847:9080/
[11/17/23 17:11:22:900 UTC] 0000021e com.ibm.ws.webcontainer.servlet                              I SRVE0253I: [api] [/] [updcust]: Destroy successful.
[11/17/23 17:11:22:906 UTC] 0000021e com.ibm.ws.app.manager.AppMessageHelper                      A CWWKZ0009I: The application api has stopped successfully.
[11/17/23 17:11:22:926 UTC] 000001ad com.ibm.ws.webcontainer.osgi.mbeans.PluginGenerator          I SRVE9103I: A configuration file for a web server plugin was automatically generated for this server at /opt/ibm/wlp/output/defaultServer/logs/state/plugin-cfg.xml.
[11/17/23 17:11:45:596 UTC] 0000024d com.ibm.ws.app.manager.AppMessageHelper                      I CWWKZ0018I: Starting application api.
[11/17/23 17:11:45:598 UTC] 0000024d bm.ws.app.manager.war.internal.WARDeployedAppInfoFactoryImpl I CWWKZ0133I: The api application at the /opt/ibm/wlp/usr/servers/defaultServer/dropins/api.war location is being expanded to the /opt/ibm/wlp/usr/servers/defaultServer/apps/expanded/api.war directory.
[11/17/23 17:11:45:659 UTC] 0000024d liberty.microprofile.openapi20.internal.ApplicationProcessor I CWWKO1660I: The application api was processed and an OpenAPI document was produced.
[11/17/23 17:11:45:913 UTC] 0000024d zosasset.cics.internal.factories.CicsCommareaZosAssetFactory I BAQR1753I: Loaded CICS COMMAREA z/OS Asset APICTRL
[11/17/23 17:11:45:931 UTC] 0000024d com.ibm.ws.webcontainer.osgi.webapp.WebGroup                 I SRVE0169I: Loading Web Module: api.
[11/17/23 17:11:45:932 UTC] 0000024d com.ibm.ws.webcontainer                                      I SRVE0250I: Web Module api has been bound to default_host.
[11/17/23 17:11:45:934 UTC] 0000024d com.ibm.ws.http.internal.VirtualHostImpl                     A CWWKT0016I: Web application available (default_host): http://29441eee8847:9080/
[11/17/23 17:11:45:936 UTC] 00000240 com.ibm.ws.session.WASSessionCore                            I SESN0176I: A new session context will be created for application key default_host/
[11/17/23 17:11:45:938 UTC] 00000240 com.ibm.ws.util                                              I SESN0172I: The session manager is using the Java default SecureRandom implementation for session ID generation.
[11/17/23 17:11:45:945 UTC] 00000240 com.ibm.ws.app.manager.AppMessageHelper                      A CWWKZ0001I: Application api started in 0.348 seconds.
[11/17/23 17:11:45:954 UTC] 00000240 g.apache.cxf.cxf.core.3.2:1.0.75.cl230320230319-1900(id=91)] I Setting the server's publish address to be /
[11/17/23 17:11:45:959 UTC] 00000240 com.ibm.ws.webcontainer.servlet                              I SRVE0242I: [api] [/] [updcust]: Initialization successful.
[11/17/23 17:11:45:961 UTC] 000001c6 com.ibm.ws.webcontainer.osgi.mbeans.PluginGenerator          I SRVE9103I: A configuration file for a web server plugin was automatically generated for this server at /opt/ibm/wlp/output/defaultServer/logs/state/plugin-cfg.xml.
[11/20/23 20:09:22:257 UTC] 00000408 com.ibm.ws.config.xml.internal.ConfigRefresher               A CWWKG0016I: Starting server configuration update.
[11/20/23 20:09:22:265 UTC] 00000408 com.ibm.ws.config.xml.internal.ServerXMLConfiguration        A CWWKG0093A: Processing configuration drop-ins resource: /opt/ibm/wlp/usr/servers/defaultServer/configDropins/defaults/keystore.xml
[11/20/23 20:09:22:278 UTC] 00000408 com.ibm.ws.config.xml.internal.ServerXMLConfiguration        A CWWKG0093A: Processing configuration drop-ins resource: /opt/ibm/wlp/usr/servers/defaultServer/configDropins/overrides/http-ssl-endpoint.xml
[11/20/23 20:09:22:280 UTC] 00000408 com.ibm.ws.config.xml.internal.ServerXMLConfiguration        A CWWKG0093A: Processing configuration drop-ins resource: /opt/ibm/wlp/usr/servers/defaultServer/configDropins/overrides/server.xml
[11/20/23 20:09:22:283 UTC] 00000408 com.ibm.ws.config.xml.internal.ServerXMLConfiguration        A CWWKG0093A: Processing configuration drop-ins resource: /opt/ibm/wlp/usr/servers/defaultServer/configDropins/overrides/tls.xml
[11/20/23 20:09:22:356 UTC] 000003f9 com.ibm.ws.kernel.feature.internal.FeatureManager            I CWWKF0007I: Feature update started.
[11/20/23 20:09:22:439 UTC] 00000408 com.ibm.ws.config.xml.internal.ConfigRefresher               A CWWKG0017I: The server configuration was successfully updated in 0.184 seconds.
[11/20/23 20:09:22:444 UTC] 000003f9 com.ibm.ws.kernel.feature.internal.FeatureManager            A CWWKF0015I: The server has the following interim fixes active in the runtime: PH50863. For a full listing of installed fixes run: productInfo version --ifixes
[11/20/23 20:09:22:447 UTC] 000003f9 com.ibm.ws.kernel.feature.internal.FeatureManager            A CWWKF0008I: Feature update completed in 0.135 seconds.
[11/20/23 20:09:23:280 UTC] 00000309 com.ibm.ws.http.internal.VirtualHostImpl                     A CWWKT0017I: Web application removed (default_host): http://29441eee8847:9080/
[11/20/23 20:09:23:282 UTC] 00000309 com.ibm.ws.webcontainer.servlet                              I SRVE0253I: [api] [/] [updcust]: Destroy successful.
[11/20/23 20:09:23:290 UTC] 00000309 com.ibm.ws.app.manager.AppMessageHelper                      A CWWKZ0009I: The application api has stopped successfully.
[11/20/23 20:09:23:306 UTC] 00000408 com.ibm.ws.webcontainer.osgi.mbeans.PluginGenerator          I SRVE9103I: A configuration file for a web server plugin was automatically generated for this server at /opt/ibm/wlp/output/defaultServer/logs/state/plugin-cfg.xml.
